  [1m[36mActiveRecord::SchemaMigration Load (4.1ms)[0m  [1mSELECT "schema_migrations".* FROM "schema_migrations"[0m
Migrating to AddAdminToUser (20150812195503)
  [1m[35m (3.4ms)[0m  BEGIN
  [1m[36m (46.0ms)[0m  [1mALTER TABLE "users" ADD "admin" boolean DEFAULT 't'[0m
  [1m[35mSQL (3.5ms)[0m  INSERT INTO "schema_migrations" ("version") VALUES ($1)  [["version", "20150812195503"]]
  [1m[36m (5.8ms)[0m  [1mCOMMIT[0m
  [1m[35mActiveRecord::SchemaMigration Load (0.5ms)[0m  SELECT "schema_migrations".* FROM "schema_migrations"
  [1m[36m (4.8ms)[0m  [1mSELECT t2.oid::regclass::text AS to_table, a1.attname AS column, a2.attname AS primary_key, c.conname AS name, c.confupdtype AS on_update, c.confdeltype AS on_delete
FROM pg_constraint c
JOIN pg_class t1 ON c.conrelid = t1.oid
JOIN pg_class t2 ON c.confrelid = t2.oid
JOIN pg_attribute a1 ON a1.attnum = c.conkey[1] AND a1.attrelid = t1.oid
JOIN pg_attribute a2 ON a2.attnum = c.confkey[1] AND a2.attrelid = t2.oid
JOIN pg_namespace t3 ON c.connamespace = t3.oid
WHERE c.contype = 'f'
  AND t1.relname = 'items'
  AND t3.nspname = ANY (current_schemas(false))
ORDER BY c.conname
[0m
  [1m[35m (4.2ms)[0m  SELECT t2.oid::regclass::text AS to_table, a1.attname AS column, a2.attname AS primary_key, c.conname AS name, c.confupdtype AS on_update, c.confdeltype AS on_delete
FROM pg_constraint c
JOIN pg_class t1 ON c.conrelid = t1.oid
JOIN pg_class t2 ON c.confrelid = t2.oid
JOIN pg_attribute a1 ON a1.attnum = c.conkey[1] AND a1.attrelid = t1.oid
JOIN pg_attribute a2 ON a2.attnum = c.confkey[1] AND a2.attrelid = t2.oid
JOIN pg_namespace t3 ON c.connamespace = t3.oid
WHERE c.contype = 'f'
  AND t1.relname = 'rentals'
  AND t3.nspname = ANY (current_schemas(false))
ORDER BY c.conname

  [1m[36m (4.0ms)[0m  [1mSELECT t2.oid::regclass::text AS to_table, a1.attname AS column, a2.attname AS primary_key, c.conname AS name, c.confupdtype AS on_update, c.confdeltype AS on_delete
FROM pg_constraint c
JOIN pg_class t1 ON c.conrelid = t1.oid
JOIN pg_class t2 ON c.confrelid = t2.oid
JOIN pg_attribute a1 ON a1.attnum = c.conkey[1] AND a1.attrelid = t1.oid
JOIN pg_attribute a2 ON a2.attnum = c.confkey[1] AND a2.attrelid = t2.oid
JOIN pg_namespace t3 ON c.connamespace = t3.oid
WHERE c.contype = 'f'
  AND t1.relname = 'users'
  AND t3.nspname = ANY (current_schemas(false))
ORDER BY c.conname
[0m
  [1m[36mUser Load (4.1ms)[0m  [1mSELECT "users".* FROM "users"[0m
  [1m[36mActiveRecord::SchemaMigration Load (0.4ms)[0m  [1mSELECT "schema_migrations".* FROM "schema_migrations"[0m
  [1m[35mActiveRecord::SchemaMigration Load (0.5ms)[0m  SELECT "schema_migrations".* FROM "schema_migrations"
  [1m[36m (4.1ms)[0m  [1mSELECT t2.oid::regclass::text AS to_table, a1.attname AS column, a2.attname AS primary_key, c.conname AS name, c.confupdtype AS on_update, c.confdeltype AS on_delete
FROM pg_constraint c
JOIN pg_class t1 ON c.conrelid = t1.oid
JOIN pg_class t2 ON c.confrelid = t2.oid
JOIN pg_attribute a1 ON a1.attnum = c.conkey[1] AND a1.attrelid = t1.oid
JOIN pg_attribute a2 ON a2.attnum = c.confkey[1] AND a2.attrelid = t2.oid
JOIN pg_namespace t3 ON c.connamespace = t3.oid
WHERE c.contype = 'f'
  AND t1.relname = 'items'
  AND t3.nspname = ANY (current_schemas(false))
ORDER BY c.conname
[0m
  [1m[35m (4.1ms)[0m  SELECT t2.oid::regclass::text AS to_table, a1.attname AS column, a2.attname AS primary_key, c.conname AS name, c.confupdtype AS on_update, c.confdeltype AS on_delete
FROM pg_constraint c
JOIN pg_class t1 ON c.conrelid = t1.oid
JOIN pg_class t2 ON c.confrelid = t2.oid
JOIN pg_attribute a1 ON a1.attnum = c.conkey[1] AND a1.attrelid = t1.oid
JOIN pg_attribute a2 ON a2.attnum = c.confkey[1] AND a2.attrelid = t2.oid
JOIN pg_namespace t3 ON c.connamespace = t3.oid
WHERE c.contype = 'f'
  AND t1.relname = 'rentals'
  AND t3.nspname = ANY (current_schemas(false))
ORDER BY c.conname

  [1m[36m (3.3ms)[0m  [1mSELECT t2.oid::regclass::text AS to_table, a1.attname AS column, a2.attname AS primary_key, c.conname AS name, c.confupdtype AS on_update, c.confdeltype AS on_delete
FROM pg_constraint c
JOIN pg_class t1 ON c.conrelid = t1.oid
JOIN pg_class t2 ON c.confrelid = t2.oid
JOIN pg_attribute a1 ON a1.attnum = c.conkey[1] AND a1.attrelid = t1.oid
JOIN pg_attribute a2 ON a2.attnum = c.confkey[1] AND a2.attrelid = t2.oid
JOIN pg_namespace t3 ON c.connamespace = t3.oid
WHERE c.contype = 'f'
  AND t1.relname = 'users'
  AND t3.nspname = ANY (current_schemas(false))
ORDER BY c.conname
[0m
  [1m[36mUser Load (0.8ms)[0m  [1mSELECT "users".* FROM "users"[0m
  [1m[36m (15.1ms)[0m  [1mCREATE TABLE "schema_migrations" ("version" character varying NOT NULL) [0m
  [1m[35m (12.0ms)[0m  CREATE UNIQUE INDEX  "unique_schema_migrations" ON "schema_migrations"  ("version")
  [1m[36mActiveRecord::SchemaMigration Load (0.7ms)[0m  [1mSELECT "schema_migrations".* FROM "schema_migrations"[0m
Migrating to DeviseCreateUsers (20150810161603)
  [1m[35m (0.2ms)[0m  BEGIN
DEPRECATION WARNING: `#timestamps` was called without specifying an option for `null`. In Rails 5, this behavior will change to `null: false`. You should manually specify `null: true` to prevent the behavior of your existing migrations from changing. (called from block in change at /Users/pdavies/wdi/projects/WDIUX/db/migrate/20150810161603_devise_create_users.rb:34)
  [1m[36m (28.1ms)[0m  [1mCREATE TABLE "users" ("id" serial primary key, "email" character varying DEFAULT '' NOT NULL, "encrypted_password" character varying DEFAULT '' NOT NULL, "reset_password_token" character varying, "reset_password_sent_at" timestamp, "remember_created_at" timestamp, "sign_in_count" integer DEFAULT 0 NOT NULL, "current_sign_in_at" timestamp, "last_sign_in_at" timestamp, "current_sign_in_ip" inet, "last_sign_in_ip" inet, "created_at" timestamp, "updated_at" timestamp) [0m
  [1m[35m (3.3ms)[0m  CREATE UNIQUE INDEX  "index_users_on_email" ON "users"  ("email")
  [1m[36m (3.3ms)[0m  [1mCREATE UNIQUE INDEX  "index_users_on_reset_password_token" ON "users"  ("reset_password_token")[0m
  [1m[35mSQL (0.4ms)[0m  INSERT INTO "schema_migrations" ("version") VALUES ($1)  [["version", "20150810161603"]]
  [1m[36m (2.5ms)[0m  [1mCOMMIT[0m
Migrating to CreateRentals (20150810172527)
  [1m[35m (0.5ms)[0m  BEGIN
  [1m[36m (11.2ms)[0m  [1mCREATE TABLE "rentals" ("id" serial primary key, "name" character varying, "staff" character varying, "email" character varying, "phone" character varying, "item" character varying, "daterental" timestamp, "created_at" timestamp NOT NULL, "updated_at" timestamp NOT NULL, "user_id" integer) [0m
  [1m[35mSQL (0.4ms)[0m  INSERT INTO "schema_migrations" ("version") VALUES ($1)  [["version", "20150810172527"]]
  [1m[36m (2.2ms)[0m  [1mCOMMIT[0m
Migrating to CreateItems (20150811130348)
  [1m[35m (0.6ms)[0m  BEGIN
  [1m[36m (9.4ms)[0m  [1mCREATE TABLE "items" ("id" serial primary key, "name" character varying, "condition" character varying, "quantity" integer, "photo_url" character varying) [0m
  [1m[35mSQL (0.2ms)[0m  INSERT INTO "schema_migrations" ("version") VALUES ($1)  [["version", "20150811130348"]]
  [1m[36m (2.3ms)[0m  [1mCOMMIT[0m
Migrating to AddAdminToUser (20150812195503)
  [1m[35m (0.3ms)[0m  BEGIN
  [1m[36m (17.2ms)[0m  [1mALTER TABLE "users" ADD "admin" boolean DEFAULT 'f'[0m
  [1m[35mSQL (0.3ms)[0m  INSERT INTO "schema_migrations" ("version") VALUES ($1)  [["version", "20150812195503"]]
  [1m[36m (3.7ms)[0m  [1mCOMMIT[0m
  [1m[35mActiveRecord::SchemaMigration Load (0.9ms)[0m  SELECT "schema_migrations".* FROM "schema_migrations"
  [1m[36m (4.0ms)[0m  [1mSELECT t2.oid::regclass::text AS to_table, a1.attname AS column, a2.attname AS primary_key, c.conname AS name, c.confupdtype AS on_update, c.confdeltype AS on_delete
FROM pg_constraint c
JOIN pg_class t1 ON c.conrelid = t1.oid
JOIN pg_class t2 ON c.confrelid = t2.oid
JOIN pg_attribute a1 ON a1.attnum = c.conkey[1] AND a1.attrelid = t1.oid
JOIN pg_attribute a2 ON a2.attnum = c.confkey[1] AND a2.attrelid = t2.oid
JOIN pg_namespace t3 ON c.connamespace = t3.oid
WHERE c.contype = 'f'
  AND t1.relname = 'items'
  AND t3.nspname = ANY (current_schemas(false))
ORDER BY c.conname
[0m
  [1m[35m (4.8ms)[0m  SELECT t2.oid::regclass::text AS to_table, a1.attname AS column, a2.attname AS primary_key, c.conname AS name, c.confupdtype AS on_update, c.confdeltype AS on_delete
FROM pg_constraint c
JOIN pg_class t1 ON c.conrelid = t1.oid
JOIN pg_class t2 ON c.confrelid = t2.oid
JOIN pg_attribute a1 ON a1.attnum = c.conkey[1] AND a1.attrelid = t1.oid
JOIN pg_attribute a2 ON a2.attnum = c.confkey[1] AND a2.attrelid = t2.oid
JOIN pg_namespace t3 ON c.connamespace = t3.oid
WHERE c.contype = 'f'
  AND t1.relname = 'rentals'
  AND t3.nspname = ANY (current_schemas(false))
ORDER BY c.conname

  [1m[36m (3.4ms)[0m  [1mSELECT t2.oid::regclass::text AS to_table, a1.attname AS column, a2.attname AS primary_key, c.conname AS name, c.confupdtype AS on_update, c.confdeltype AS on_delete
FROM pg_constraint c
JOIN pg_class t1 ON c.conrelid = t1.oid
JOIN pg_class t2 ON c.confrelid = t2.oid
JOIN pg_attribute a1 ON a1.attnum = c.conkey[1] AND a1.attrelid = t1.oid
JOIN pg_attribute a2 ON a2.attnum = c.confkey[1] AND a2.attrelid = t2.oid
JOIN pg_namespace t3 ON c.connamespace = t3.oid
WHERE c.contype = 'f'
  AND t1.relname = 'users'
  AND t3.nspname = ANY (current_schemas(false))
ORDER BY c.conname
[0m
  [1m[35mActiveRecord::SchemaMigration Load (0.3ms)[0m  SELECT "schema_migrations".* FROM "schema_migrations"
  [1m[36m (0.2ms)[0m  [1mBEGIN[0m
  [1m[35mSQL (2.4ms)[0m  INSERT INTO "items" ("name", "condition", "quantity", "photo_url") VALUES ($1, $2, $3, $4) RETURNING "id"  [["name", "UBoom"], ["condition", "Good"], ["quantity", 1], ["photo_url", "GA_boombox.jpg"]]
  [1m[36m (3.2ms)[0m  [1mCOMMIT[0m
  [1m[35m (0.2ms)[0m  BEGIN
  [1m[36mSQL (0.4ms)[0m  [1mINSERT INTO "items" ("name", "condition", "quantity", "photo_url") VALUES ($1, $2, $3, $4) RETURNING "id"[0m  [["name", "IPad"], ["condition", "Good"], ["quantity", 1], ["photo_url", "GA_ipad.jpg"]]
  [1m[35m (2.1ms)[0m  COMMIT
  [1m[36m (0.2ms)[0m  [1mBEGIN[0m
  [1m[35mSQL (0.4ms)[0m  INSERT INTO "items" ("name", "condition", "quantity", "photo_url") VALUES ($1, $2, $3, $4) RETURNING "id"  [["name", "IPhone 4 Charger"], ["condition", "Good"], ["quantity", 4], ["photo_url", "GA_iphone4.jpg"]]
  [1m[36m (2.2ms)[0m  [1mCOMMIT[0m
  [1m[35m (0.1ms)[0m  BEGIN
  [1m[36mSQL (0.3ms)[0m  [1mINSERT INTO "items" ("name", "condition", "quantity", "photo_url") VALUES ($1, $2, $3, $4) RETURNING "id"[0m  [["name", "IPhone 5/6 Charger"], ["condition", "Good"], ["quantity", 2], ["photo_url", "GA_iphone5.jpg"]]
  [1m[35m (2.1ms)[0m  COMMIT
  [1m[36m (0.2ms)[0m  [1mBEGIN[0m
  [1m[35mSQL (0.4ms)[0m  INSERT INTO "items" ("name", "condition", "quantity", "photo_url") VALUES ($1, $2, $3, $4) RETURNING "id"  [["name", "MacBook Air"], ["condition", "Good"], ["quantity", 3], ["photo_url", "GA_laptop.jpg"]]
  [1m[36m (2.0ms)[0m  [1mCOMMIT[0m
  [1m[35m (0.1ms)[0m  BEGIN
  [1m[36mSQL (0.4ms)[0m  [1mINSERT INTO "items" ("name", "condition", "quantity", "photo_url") VALUES ($1, $2, $3, $4) RETURNING "id"[0m  [["name", "MacBook Charger"], ["condition", "Good"], ["quantity", 2], ["photo_url", "GA_laptopcharger.jpg"]]
  [1m[35m (2.1ms)[0m  COMMIT
  [1m[36m (0.1ms)[0m  [1mBEGIN[0m
  [1m[35mSQL (0.2ms)[0m  INSERT INTO "items" ("name", "condition", "quantity", "photo_url") VALUES ($1, $2, $3, $4) RETURNING "id"  [["name", "USB Cord"], ["condition", "Good"], ["quantity", 3], ["photo_url", "GA_usbcord.jpg"]]
  [1m[36m (2.2ms)[0m  [1mCOMMIT[0m


Started GET "/" for ::1 at 2015-08-12 16:01:19 -0400
  [1m[36mActiveRecord::SchemaMigration Load (0.8ms)[0m  [1mSELECT "schema_migrations".* FROM "schema_migrations"[0m
Processing by RentalsController#index as HTML
  [1m[35mUser Load (3.5ms)[0m  SELECT  "users".* FROM "users" WHERE "users"."id" = $1  ORDER BY "users"."id" ASC LIMIT 1  [["id", 2]]
Completed 401 Unauthorized in 66ms (ActiveRecord: 10.6ms)


Started GET "/users/sign_in" for ::1 at 2015-08-12 16:01:19 -0400
Processing by Devise::SessionsController#new as HTML
  Rendered devise/shared/_links.html.erb (2.5ms)
  Rendered devise/sessions/new.html.erb within layouts/application (75.7ms)
Completed 200 OK in 472ms (Views: 456.8ms | ActiveRecord: 0.0ms)


Started GET "/assets/application.self-fe25a4afd063e5ff42a71b6ec672edf98a733b67ccf77957c9e02dc24f3315e3.css?body=1" for ::1 at 2015-08-12 16:01:19 -0400


Started GET "/assets/jquery_ujs.self-ca5248a2fad13d6bd58ea121318d642f195f0b2dd818b30615f785ff365e8d1f.js?body=1" for ::1 at 2015-08-12 16:01:19 -0400


Started GET "/assets/application.self-79cc01dd4669a77828c76374e165ede417881da9710b40069bdd68d7a2606d2c.js?body=1" for ::1 at 2015-08-12 16:01:19 -0400


Started GET "/assets/jquery.self-d03a5518f45df77341bdbe6201ba3bfa547ebba8ed64f0ea56bfa5f96ea7c074.js?body=1" for ::1 at 2015-08-12 16:01:20 -0400


Started GET "/assets/turbolinks.self-c37727e9bd6b2735da5c311aa83fead54ed0be6cc8bd9a65309e9c5abe2cbfff.js?body=1" for ::1 at 2015-08-12 16:01:20 -0400


Started GET "/users/sign_up" for ::1 at 2015-08-12 16:01:23 -0400
Processing by Devise::RegistrationsController#new as HTML
  Rendered devise/registrations/new.html.erb within layouts/application (2.8ms)
Completed 200 OK in 39ms (Views: 37.2ms | ActiveRecord: 0.0ms)


Started POST "/users" for ::1 at 2015-08-12 16:01:32 -0400
Processing by Devise::RegistrationsController#create as HTML
  Parameters: {"utf8"=>"✓", "authenticity_token"=>"PbKDSrVKhjMCMtcDyPpeKMWFSJFmXaDWFgbVEJqyuQsxBojoruM3AJxgzGrsSpvLUqvw+vEiBv8XjAHH/5dskA==", "user"=>{"email"=>"user@gmail.com", "password"=>"[FILTERED]", "password_confirmation"=>"[FILTERED]"}, "commit"=>"Sign up"}
  [1m[36m (0.2ms)[0m  [1mBEGIN[0m
  [1m[35mUser Exists (0.8ms)[0m  SELECT  1 AS one FROM "users" WHERE "users"."email" = 'user@gmail.com' LIMIT 1
  [1m[36mSQL (3.2ms)[0m  [1mINSERT INTO "users" ("email", "encrypted_password", "created_at", "updated_at") VALUES ($1, $2, $3, $4) RETURNING "id"[0m  [["email", "user@gmail.com"], ["encrypted_password", "$2a$10$2uvmnBIXnVY59oK2GiVeou21VSJCHb5vPF0kudEqjCY1ODucAxdAu"], ["created_at", "2015-08-12 20:01:33.088235"], ["updated_at", "2015-08-12 20:01:33.088235"]]
  [1m[35m (2.0ms)[0m  COMMIT
  [1m[36m (0.1ms)[0m  [1mBEGIN[0m
  [1m[35mSQL (2.9ms)[0m  UPDATE "users" SET "last_sign_in_at" = $1, "current_sign_in_at" = $2, "last_sign_in_ip" = $3, "current_sign_in_ip" = $4, "sign_in_count" = $5, "updated_at" = $6 WHERE "users"."id" = $7  [["last_sign_in_at", "2015-08-12 20:01:33.096846"], ["current_sign_in_at", "2015-08-12 20:01:33.096846"], ["last_sign_in_ip", "::1/128"], ["current_sign_in_ip", "::1/128"], ["sign_in_count", 1], ["updated_at", "2015-08-12 20:01:33.098190"], ["id", 1]]
  [1m[36m (2.2ms)[0m  [1mCOMMIT[0m
Redirected to http://localhost:3000/
Completed 302 Found in 161ms (ActiveRecord: 11.5ms)


Started GET "/" for ::1 at 2015-08-12 16:01:33 -0400
Processing by RentalsController#index as HTML
  [1m[35mUser Load (0.4ms)[0m  SELECT  "users".* FROM "users" WHERE "users"."id" = $1  ORDER BY "users"."id" ASC LIMIT 1  [["id", 1]]
DEPRECATION WARNING: You are passing an instance of ActiveRecord::Base to `find`. Please pass the id of the object by calling `.id`. (called from index at /Users/pdavies/wdi/projects/WDIUX/app/controllers/rentals_controller.rb:5)
  [1m[36mUser Load (0.4ms)[0m  [1mSELECT  "users".* FROM "users" WHERE "users"."id" = $1 LIMIT 1[0m  [["id", 1]]
  Rendered rentals/index.html.erb within layouts/application (3.5ms)
Completed 200 OK in 74ms (Views: 45.6ms | ActiveRecord: 0.8ms)
  [1m[36mUser Load (0.8ms)[0m  [1mSELECT "users".* FROM "users"[0m
  [1m[35mUser Load (0.5ms)[0m  SELECT  "users".* FROM "users" WHERE "users"."id" = $1 LIMIT 1  [["id", 1]]
  [1m[36m (0.3ms)[0m  [1mBEGIN[0m
  [1m[35mSQL (0.7ms)[0m  UPDATE "users" SET "admin" = $1, "updated_at" = $2 WHERE "users"."id" = $3  [["admin", "t"], ["updated_at", "2015-08-12 20:02:51.783869"], ["id", 1]]
  [1m[36m (2.5ms)[0m  [1mCOMMIT[0m


Started GET "/users/1/rentals/new" for ::1 at 2015-08-12 16:03:42 -0400
  [1m[36mActiveRecord::SchemaMigration Load (0.5ms)[0m  [1mSELECT "schema_migrations".* FROM "schema_migrations"[0m
Processing by RentalsController#new as HTML
  Parameters: {"user_id"=>"1"}
  [1m[35mUser Load (1.2ms)[0m  SELECT  "users".* FROM "users" WHERE "users"."id" = $1  ORDER BY "users"."id" ASC LIMIT 1  [["id", 1]]
  [1m[36mUser Load (0.6ms)[0m  [1mSELECT  "users".* FROM "users" LIMIT 1[0m
  Rendered rentals/_form.html.erb (31.9ms)
  Rendered rentals/new.html.erb within layouts/application (43.6ms)
Completed 200 OK in 327ms (Views: 275.4ms | ActiveRecord: 7.9ms)


Started GET "/assets/jquery.self-d03a5518f45df77341bdbe6201ba3bfa547ebba8ed64f0ea56bfa5f96ea7c074.js?body=1" for ::1 at 2015-08-12 16:03:43 -0400


Started GET "/assets/application.self-fe25a4afd063e5ff42a71b6ec672edf98a733b67ccf77957c9e02dc24f3315e3.css?body=1" for ::1 at 2015-08-12 16:03:43 -0400


Started GET "/assets/jquery_ujs.self-ca5248a2fad13d6bd58ea121318d642f195f0b2dd818b30615f785ff365e8d1f.js?body=1" for ::1 at 2015-08-12 16:03:43 -0400


Started GET "/assets/turbolinks.self-c37727e9bd6b2735da5c311aa83fead54ed0be6cc8bd9a65309e9c5abe2cbfff.js?body=1" for ::1 at 2015-08-12 16:03:43 -0400


Started GET "/assets/application.self-79cc01dd4669a77828c76374e165ede417881da9710b40069bdd68d7a2606d2c.js?body=1" for ::1 at 2015-08-12 16:03:43 -0400


Started DELETE "/users/sign_out" for ::1 at 2015-08-12 16:03:54 -0400
Processing by Devise::SessionsController#destroy as HTML
  Parameters: {"authenticity_token"=>"JM6Fsljc8fwze5mlwZmhEgeDLAiaMNCz554xiSGsorEoeo4QQ3VAz60pgszlKWTxkK2UYw1PdprmFOVeRIl3Kg=="}
  [1m[35mUser Load (0.5ms)[0m  SELECT  "users".* FROM "users" WHERE "users"."id" = $1  ORDER BY "users"."id" ASC LIMIT 1  [["id", 1]]
  [1m[36m (0.2ms)[0m  [1mBEGIN[0m
  [1m[35m (0.1ms)[0m  COMMIT
Redirected to http://localhost:3000/
Completed 302 Found in 15ms (ActiveRecord: 0.8ms)


Started GET "/" for ::1 at 2015-08-12 16:03:54 -0400
Processing by RentalsController#index as HTML
Completed 401 Unauthorized in 5ms (ActiveRecord: 0.0ms)


Started GET "/users/sign_in" for ::1 at 2015-08-12 16:03:54 -0400
Processing by Devise::SessionsController#new as HTML
  Rendered devise/shared/_links.html.erb (2.3ms)
  Rendered devise/sessions/new.html.erb within layouts/application (26.8ms)
Completed 200 OK in 86ms (Views: 80.2ms | ActiveRecord: 0.0ms)


Started GET "/users/sign_up" for ::1 at 2015-08-12 16:03:57 -0400
Processing by Devise::RegistrationsController#new as HTML
  Rendered devise/registrations/new.html.erb within layouts/application (4.8ms)
Completed 200 OK in 50ms (Views: 48.6ms | ActiveRecord: 0.0ms)


Started POST "/users" for ::1 at 2015-08-12 16:04:05 -0400
Processing by Devise::RegistrationsController#create as HTML
  Parameters: {"utf8"=>"✓", "authenticity_token"=>"T7ao0woYfa4zzJarX8mWmoXVIGVavQepXvBmo7Dt76wCHNPfwwxupReJnUr4AykeIo9TrlqyTJBHk2PCrCYbcg==", "user"=>{"email"=>"user1@gmail.com", "password"=>"[FILTERED]", "password_confirmation"=>"[FILTERED]"}, "commit"=>"Sign up"}
  [1m[36m (0.2ms)[0m  [1mBEGIN[0m
  [1m[35mUser Exists (0.7ms)[0m  SELECT  1 AS one FROM "users" WHERE "users"."email" = 'user1@gmail.com' LIMIT 1
  [1m[36mSQL (0.6ms)[0m  [1mINSERT INTO "users" ("email", "encrypted_password", "created_at", "updated_at") VALUES ($1, $2, $3, $4) RETURNING "id"[0m  [["email", "user1@gmail.com"], ["encrypted_password", "$2a$10$tz5nT8p61nlYS.AWQZKcYen3Hd7NVDiVIMY7IRlk/7gI/Mq7qq0Wy"], ["created_at", "2015-08-12 20:04:05.869760"], ["updated_at", "2015-08-12 20:04:05.869760"]]
  [1m[35m (2.2ms)[0m  COMMIT
  [1m[36m (0.2ms)[0m  [1mBEGIN[0m
  [1m[35mSQL (0.5ms)[0m  UPDATE "users" SET "last_sign_in_at" = $1, "current_sign_in_at" = $2, "last_sign_in_ip" = $3, "current_sign_in_ip" = $4, "sign_in_count" = $5, "updated_at" = $6 WHERE "users"."id" = $7  [["last_sign_in_at", "2015-08-12 20:04:05.876037"], ["current_sign_in_at", "2015-08-12 20:04:05.876037"], ["last_sign_in_ip", "::1/128"], ["current_sign_in_ip", "::1/128"], ["sign_in_count", 1], ["updated_at", "2015-08-12 20:04:05.877796"], ["id", 2]]
  [1m[36m (2.1ms)[0m  [1mCOMMIT[0m
Redirected to http://localhost:3000/
Completed 302 Found in 134ms (ActiveRecord: 6.4ms)


Started GET "/" for ::1 at 2015-08-12 16:04:05 -0400
Processing by RentalsController#index as HTML
  [1m[35mUser Load (0.4ms)[0m  SELECT  "users".* FROM "users" WHERE "users"."id" = $1  ORDER BY "users"."id" ASC LIMIT 1  [["id", 2]]
DEPRECATION WARNING: You are passing an instance of ActiveRecord::Base to `find`. Please pass the id of the object by calling `.id`. (called from index at /Users/pdavies/wdi/projects/WDIUX/app/controllers/rentals_controller.rb:5)
  [1m[36mUser Load (0.4ms)[0m  [1mSELECT  "users".* FROM "users" WHERE "users"."id" = $1 LIMIT 1[0m  [["id", 2]]
  Rendered rentals/index.html.erb within layouts/application (1.3ms)
Completed 200 OK in 37ms (Views: 29.3ms | ActiveRecord: 0.8ms)


Started DELETE "/users/sign_out" for ::1 at 2015-08-12 16:04:09 -0400
Processing by Devise::SessionsController#destroy as HTML
  Parameters: {"authenticity_token"=>"An9RX4DtE4lv+wWesV+ryGw63f5afQFG4NJ3c09tnjJP1SpTSfkAgku+Dn8WlRRMy2CuNVpySn/5sXISU6Zq7A=="}
  [1m[35mUser Load (0.4ms)[0m  SELECT  "users".* FROM "users" WHERE "users"."id" = $1  ORDER BY "users"."id" ASC LIMIT 1  [["id", 2]]
  [1m[36m (0.2ms)[0m  [1mBEGIN[0m
  [1m[35m (0.2ms)[0m  COMMIT
Redirected to http://localhost:3000/
Completed 302 Found in 5ms (ActiveRecord: 0.7ms)


Started GET "/" for ::1 at 2015-08-12 16:04:09 -0400
Processing by RentalsController#index as HTML
Completed 401 Unauthorized in 1ms (ActiveRecord: 0.0ms)


Started GET "/users/sign_in" for ::1 at 2015-08-12 16:04:09 -0400
Processing by Devise::SessionsController#new as HTML
  Rendered devise/shared/_links.html.erb (0.5ms)
  Rendered devise/sessions/new.html.erb within layouts/application (3.8ms)
Completed 200 OK in 33ms (Views: 31.9ms | ActiveRecord: 0.0ms)


Started GET "/users/sign_up" for ::1 at 2015-08-12 16:04:12 -0400
Processing by Devise::RegistrationsController#new as HTML
  Rendered devise/registrations/new.html.erb within layouts/application (1.7ms)
Completed 200 OK in 33ms (Views: 31.7ms | ActiveRecord: 0.0ms)


Started POST "/users" for ::1 at 2015-08-12 16:04:20 -0400
Processing by Devise::RegistrationsController#create as HTML
  Parameters: {"utf8"=>"✓", "authenticity_token"=>"2z/A86i6aETuxoqoeQP4nVKZGkbCRu4KVpoeMoZHOHDLX2Hbc5Fzqhw7ErYhATGQmxeln4AxqcqZZFzkbn89Pw==", "user"=>{"email"=>"user2@gmail.com", "password"=>"[FILTERED]", "password_confirmation"=>"[FILTERED]"}, "commit"=>"Sign up"}
  [1m[36m (0.2ms)[0m  [1mBEGIN[0m
  [1m[35mUser Exists (0.4ms)[0m  SELECT  1 AS one FROM "users" WHERE "users"."email" = 'user2@gmail.com' LIMIT 1
  [1m[36mSQL (0.3ms)[0m  [1mINSERT INTO "users" ("email", "encrypted_password", "created_at", "updated_at") VALUES ($1, $2, $3, $4) RETURNING "id"[0m  [["email", "user2@gmail.com"], ["encrypted_password", "$2a$10$EnpQgkS4FDm5juMCVWnSjeau3y4MYPDApxCV99sPMWDvVWXv/dv5q"], ["created_at", "2015-08-12 20:04:20.561280"], ["updated_at", "2015-08-12 20:04:20.561280"]]
  [1m[35m (2.2ms)[0m  COMMIT
  [1m[36m (0.3ms)[0m  [1mBEGIN[0m
  [1m[35mSQL (0.4ms)[0m  UPDATE "users" SET "last_sign_in_at" = $1, "current_sign_in_at" = $2, "last_sign_in_ip" = $3, "current_sign_in_ip" = $4, "sign_in_count" = $5, "updated_at" = $6 WHERE "users"."id" = $7  [["last_sign_in_at", "2015-08-12 20:04:20.566330"], ["current_sign_in_at", "2015-08-12 20:04:20.566330"], ["last_sign_in_ip", "::1/128"], ["current_sign_in_ip", "::1/128"], ["sign_in_count", 1], ["updated_at", "2015-08-12 20:04:20.568447"], ["id", 3]]
  [1m[36m (4.7ms)[0m  [1mCOMMIT[0m
Redirected to http://localhost:3000/
Completed 302 Found in 109ms (ActiveRecord: 8.5ms)


Started GET "/" for ::1 at 2015-08-12 16:04:20 -0400
Processing by RentalsController#index as HTML
  [1m[35mUser Load (0.6ms)[0m  SELECT  "users".* FROM "users" WHERE "users"."id" = $1  ORDER BY "users"."id" ASC LIMIT 1  [["id", 3]]
DEPRECATION WARNING: You are passing an instance of ActiveRecord::Base to `find`. Please pass the id of the object by calling `.id`. (called from index at /Users/pdavies/wdi/projects/WDIUX/app/controllers/rentals_controller.rb:5)
  [1m[36mUser Load (0.4ms)[0m  [1mSELECT  "users".* FROM "users" WHERE "users"."id" = $1 LIMIT 1[0m  [["id", 3]]
  Rendered rentals/index.html.erb within layouts/application (0.4ms)
Completed 200 OK in 27ms (Views: 22.7ms | ActiveRecord: 1.0ms)


Started GET "/users/3/rentals/new" for ::1 at 2015-08-12 16:04:30 -0400
Processing by RentalsController#new as HTML
  Parameters: {"user_id"=>"3"}
  [1m[35mUser Load (0.4ms)[0m  SELECT  "users".* FROM "users" WHERE "users"."id" = $1  ORDER BY "users"."id" ASC LIMIT 1  [["id", 3]]
  [1m[36mUser Load (0.4ms)[0m  [1mSELECT  "users".* FROM "users" LIMIT 1[0m
  Rendered rentals/_form.html.erb (5.0ms)
  Rendered rentals/new.html.erb within layouts/application (9.3ms)
Completed 200 OK in 40ms (Views: 36.9ms | ActiveRecord: 0.8ms)


Started POST "/users/1/rentals" for ::1 at 2015-08-12 16:04:55 -0400
Processing by RentalsController#create as HTML
  Parameters: {"utf8"=>"✓", "authenticity_token"=>"H9wrOCII7Rlpyzqy7loso2y41c4dgDPuBwhTQRF+YD0PvIoQ+SP295s2oqy2WOWupTZqF1/3dC7I9hGX+UZlcg==", "rental"=>{"name"=>"jimmy", "staff"=>"Student", "email"=>"jimmy@gmail.com", "phone"=>"555-555-5555", "item"=>"IPhone 4 Charger", "daterental(2i)"=>"8", "daterental(3i)"=>"14", "daterental(1i)"=>"2015"}, "commit"=>"Create Rental", "user_id"=>"1"}
  [1m[35mUser Load (0.3ms)[0m  SELECT  "users".* FROM "users" WHERE "users"."id" = $1  ORDER BY "users"."id" ASC LIMIT 1  [["id", 3]]
  [1m[36mUser Load (0.4ms)[0m  [1mSELECT  "users".* FROM "users" LIMIT 1[0m
  [1m[35m (0.2ms)[0m  BEGIN
  [1m[36mSQL (2.7ms)[0m  [1mINSERT INTO "rentals" ("name", "staff", "email", "phone", "item", "daterental", "user_id", "created_at", "updated_at") VALUES ($1, $2, $3, $4, $5, $6, $7, $8, $9) RETURNING "id"[0m  [["name", "jimmy"], ["staff", "Student"], ["email", "jimmy@gmail.com"], ["phone", "555-555-5555"], ["item", "IPhone 4 Charger"], ["daterental", "2015-08-14 00:00:00.000000"], ["user_id", 1], ["created_at", "2015-08-12 20:04:55.925517"], ["updated_at", "2015-08-12 20:04:55.925517"]]
  [1m[35m (2.9ms)[0m  COMMIT
  [1m[36m (0.2ms)[0m  [1mBEGIN[0m
  [1m[35mSQL (0.9ms)[0m  UPDATE "rentals" SET "user_id" = $1, "updated_at" = $2 WHERE "rentals"."id" = $3  [["user_id", 3], ["updated_at", "2015-08-12 20:04:55.934708"], ["id", 1]]
  [1m[36m (5.3ms)[0m  [1mCOMMIT[0m
Redirected to http://localhost:3000/rentals/confirmation
Completed 302 Found in 66ms (ActiveRecord: 12.8ms)


Started GET "/rentals/confirmation" for ::1 at 2015-08-12 16:04:55 -0400
Processing by RentalsController#confirmation as HTML
  [1m[35mUser Load (0.4ms)[0m  SELECT  "users".* FROM "users" WHERE "users"."id" = $1  ORDER BY "users"."id" ASC LIMIT 1  [["id", 3]]
  Rendered rentals/confirmation.html.erb within layouts/application (0.8ms)
Completed 200 OK in 32ms (Views: 29.8ms | ActiveRecord: 0.4ms)


Started GET "/rentals/all" for ::1 at 2015-08-12 16:04:57 -0400
Processing by RentalsController#all as HTML
  [1m[36mUser Load (0.3ms)[0m  [1mSELECT  "users".* FROM "users" WHERE "users"."id" = $1  ORDER BY "users"."id" ASC LIMIT 1[0m  [["id", 3]]
  [1m[35mUser Load (0.7ms)[0m  SELECT  "users".* FROM "users" LIMIT 1
  [1m[36mRental Load (3.0ms)[0m  [1mSELECT "rentals".* FROM "rentals"  ORDER BY created_at DESC[0m
  Rendered rentals/all.html.erb within layouts/application (4.5ms)
Completed 200 OK in 36ms (Views: 28.3ms | ActiveRecord: 4.0ms)


Started GET "/users/1/rentals/1" for ::1 at 2015-08-12 16:05:24 -0400
Processing by RentalsController#show as HTML
  Parameters: {"user_id"=>"1", "id"=>"1"}
  [1m[35mUser Load (0.3ms)[0m  SELECT  "users".* FROM "users" WHERE "users"."id" = $1  ORDER BY "users"."id" ASC LIMIT 1  [["id", 3]]
DEPRECATION WARNING: You are passing an instance of ActiveRecord::Base to `find`. Please pass the id of the object by calling `.id`. (called from show at /Users/pdavies/wdi/projects/WDIUX/app/controllers/rentals_controller.rb:21)
  [1m[36mUser Load (0.4ms)[0m  [1mSELECT  "users".* FROM "users" WHERE "users"."id" = $1 LIMIT 1[0m  [["id", 3]]
  [1m[35mRental Load (0.3ms)[0m  SELECT  "rentals".* FROM "rentals" WHERE "rentals"."id" = $1 LIMIT 1  [["id", 1]]
  Rendered rentals/show.html.erb within layouts/application (2.1ms)
Completed 200 OK in 32ms (Views: 27.5ms | ActiveRecord: 0.9ms)


Started GET "/users/3/rentals/1/edit" for ::1 at 2015-08-12 16:05:29 -0400
Processing by RentalsController#edit as HTML
  Parameters: {"user_id"=>"3", "id"=>"1"}
  [1m[36mUser Load (0.3ms)[0m  [1mSELECT  "users".* FROM "users" WHERE "users"."id" = $1  ORDER BY "users"."id" ASC LIMIT 1[0m  [["id", 3]]
  [1m[35mUser Load (0.4ms)[0m  SELECT  "users".* FROM "users" LIMIT 1
  [1m[36mRental Load (0.3ms)[0m  [1mSELECT  "rentals".* FROM "rentals" WHERE "rentals"."id" = $1 LIMIT 1[0m  [["id", 1]]
  Rendered rentals/_form.html.erb (4.3ms)
  Rendered rentals/edit.html.erb within layouts/application (9.6ms)
Completed 200 OK in 39ms (Views: 35.9ms | ActiveRecord: 1.0ms)


Started GET "/" for ::1 at 2015-08-12 16:05:33 -0400
Processing by RentalsController#index as HTML
  [1m[35mUser Load (0.3ms)[0m  SELECT  "users".* FROM "users" WHERE "users"."id" = $1  ORDER BY "users"."id" ASC LIMIT 1  [["id", 3]]
DEPRECATION WARNING: You are passing an instance of ActiveRecord::Base to `find`. Please pass the id of the object by calling `.id`. (called from index at /Users/pdavies/wdi/projects/WDIUX/app/controllers/rentals_controller.rb:5)
  [1m[36mUser Load (0.4ms)[0m  [1mSELECT  "users".* FROM "users" WHERE "users"."id" = $1 LIMIT 1[0m  [["id", 3]]
  Rendered rentals/index.html.erb within layouts/application (0.7ms)
Completed 200 OK in 26ms (Views: 22.9ms | ActiveRecord: 0.7ms)


Started GET "/" for ::1 at 2015-08-12 16:05:36 -0400
Processing by RentalsController#index as HTML
  [1m[35mUser Load (0.3ms)[0m  SELECT  "users".* FROM "users" WHERE "users"."id" = $1  ORDER BY "users"."id" ASC LIMIT 1  [["id", 3]]
DEPRECATION WARNING: You are passing an instance of ActiveRecord::Base to `find`. Please pass the id of the object by calling `.id`. (called from index at /Users/pdavies/wdi/projects/WDIUX/app/controllers/rentals_controller.rb:5)
  [1m[36mUser Load (0.4ms)[0m  [1mSELECT  "users".* FROM "users" WHERE "users"."id" = $1 LIMIT 1[0m  [["id", 3]]
  Rendered rentals/index.html.erb within layouts/application (0.3ms)
Completed 200 OK in 25ms (Views: 22.3ms | ActiveRecord: 0.7ms)


Started GET "/users/3/rentals/new" for ::1 at 2015-08-12 16:05:37 -0400
Processing by RentalsController#new as HTML
  Parameters: {"user_id"=>"3"}
  [1m[35mUser Load (0.3ms)[0m  SELECT  "users".* FROM "users" WHERE "users"."id" = $1  ORDER BY "users"."id" ASC LIMIT 1  [["id", 3]]
  [1m[36mUser Load (0.4ms)[0m  [1mSELECT  "users".* FROM "users" LIMIT 1[0m
  Rendered rentals/_form.html.erb (3.5ms)
  Rendered rentals/new.html.erb within layouts/application (5.0ms)
Completed 200 OK in 34ms (Views: 31.0ms | ActiveRecord: 0.6ms)


Started GET "/" for ::1 at 2015-08-12 16:05:42 -0400
Processing by RentalsController#index as HTML
  [1m[35mUser Load (0.2ms)[0m  SELECT  "users".* FROM "users" WHERE "users"."id" = $1  ORDER BY "users"."id" ASC LIMIT 1  [["id", 3]]
DEPRECATION WARNING: You are passing an instance of ActiveRecord::Base to `find`. Please pass the id of the object by calling `.id`. (called from index at /Users/pdavies/wdi/projects/WDIUX/app/controllers/rentals_controller.rb:5)
  [1m[36mUser Load (0.4ms)[0m  [1mSELECT  "users".* FROM "users" WHERE "users"."id" = $1 LIMIT 1[0m  [["id", 3]]
  Rendered rentals/index.html.erb within layouts/application (0.7ms)
Completed 200 OK in 28ms (Views: 25.2ms | ActiveRecord: 0.6ms)


Started DELETE "/users/sign_out" for ::1 at 2015-08-12 16:05:45 -0400
Processing by Devise::SessionsController#destroy as HTML
  Parameters: {"authenticity_token"=>"HQ/FHiRlHMkZhfJQrOHLARAdE/Q2PBsmhYs4ZZO1J8gNb2Q2/04HJ+t4ak704wIM2ZOsLXRLXOZKdXqze40ihw=="}
  [1m[35mUser Load (0.3ms)[0m  SELECT  "users".* FROM "users" WHERE "users"."id" = $1  ORDER BY "users"."id" ASC LIMIT 1  [["id", 3]]
  [1m[36m (0.4ms)[0m  [1mBEGIN[0m
  [1m[35m (0.2ms)[0m  COMMIT
Redirected to http://localhost:3000/
Completed 302 Found in 6ms (ActiveRecord: 0.8ms)


Started GET "/" for ::1 at 2015-08-12 16:05:45 -0400
Processing by RentalsController#index as HTML
Completed 401 Unauthorized in 1ms (ActiveRecord: 0.0ms)


Started GET "/users/sign_in" for ::1 at 2015-08-12 16:05:45 -0400
Processing by Devise::SessionsController#new as HTML
  Rendered devise/shared/_links.html.erb (0.7ms)
  Rendered devise/sessions/new.html.erb within layouts/application (5.7ms)
Completed 200 OK in 41ms (Views: 40.0ms | ActiveRecord: 0.0ms)


Started POST "/users/sign_in" for ::1 at 2015-08-12 16:05:52 -0400
Processing by Devise::SessionsController#create as HTML
  Parameters: {"utf8"=>"✓", "authenticity_token"=>"LFcYkpefWTpJc1KnzrDkC5b8h89rDDOGx2lLxhLvcNztlrWj+fIZoRrj9A30FzHx+10xnCaY3dR+ujg2oREUqA==", "user"=>{"email"=>"user1@gmail.com", "password"=>"[FILTERED]", "remember_me"=>"0"}, "commit"=>"Log in"}
  [1m[36mUser Load (2.8ms)[0m  [1mSELECT  "users".* FROM "users" WHERE "users"."email" = $1  ORDER BY "users"."id" ASC LIMIT 1[0m  [["email", "user1@gmail.com"]]
  [1m[35m (0.2ms)[0m  BEGIN
  [1m[36mSQL (0.3ms)[0m  [1mUPDATE "users" SET "current_sign_in_at" = $1, "sign_in_count" = $2, "updated_at" = $3 WHERE "users"."id" = $4[0m  [["current_sign_in_at", "2015-08-12 20:05:52.804468"], ["sign_in_count", 2], ["updated_at", "2015-08-12 20:05:52.806518"], ["id", 2]]
  [1m[35m (2.1ms)[0m  COMMIT
Redirected to http://localhost:3000/
Completed 302 Found in 103ms (ActiveRecord: 5.4ms)


Started GET "/" for ::1 at 2015-08-12 16:05:52 -0400
Processing by RentalsController#index as HTML
  [1m[36mUser Load (0.2ms)[0m  [1mSELECT  "users".* FROM "users" WHERE "users"."id" = $1  ORDER BY "users"."id" ASC LIMIT 1[0m  [["id", 2]]
DEPRECATION WARNING: You are passing an instance of ActiveRecord::Base to `find`. Please pass the id of the object by calling `.id`. (called from index at /Users/pdavies/wdi/projects/WDIUX/app/controllers/rentals_controller.rb:5)
  [1m[35mUser Load (0.2ms)[0m  SELECT  "users".* FROM "users" WHERE "users"."id" = $1 LIMIT 1  [["id", 2]]
  Rendered rentals/index.html.erb within layouts/application (0.4ms)
Completed 200 OK in 25ms (Views: 21.8ms | ActiveRecord: 0.5ms)


Started GET "/users/2/rentals/new" for ::1 at 2015-08-12 16:06:00 -0400
Processing by RentalsController#new as HTML
  Parameters: {"user_id"=>"2"}
  [1m[36mUser Load (0.3ms)[0m  [1mSELECT  "users".* FROM "users" WHERE "users"."id" = $1  ORDER BY "users"."id" ASC LIMIT 1[0m  [["id", 2]]
  [1m[35mUser Load (0.5ms)[0m  SELECT  "users".* FROM "users" LIMIT 1
  Rendered rentals/_form.html.erb (2.8ms)
  Rendered rentals/new.html.erb within layouts/application (4.3ms)
Completed 200 OK in 35ms (Views: 31.0ms | ActiveRecord: 0.8ms)


Started POST "/users/1/rentals" for ::1 at 2015-08-12 16:06:17 -0400
Processing by RentalsController#create as HTML
  Parameters: {"utf8"=>"✓", "authenticity_token"=>"zyZVEM2DMPaDWppmD8a1ZuNyF2MkLk+Nm4BulAx46Wnr45zn1AhKd7bY10it1JTJrVx0DqfbFGvvp1Lbmxlpyw==", "rental"=>{"name"=>"brenda jones", "staff"=>"Student", "email"=>"brenda@gmail.com", "phone"=>"555-555-5554", "item"=>"IPhone 5/6 Charger", "daterental(2i)"=>"8", "daterental(3i)"=>"17", "daterental(1i)"=>"2015"}, "commit"=>"Create Rental", "user_id"=>"1"}
  [1m[36mUser Load (0.8ms)[0m  [1mSELECT  "users".* FROM "users" WHERE "users"."id" = $1  ORDER BY "users"."id" ASC LIMIT 1[0m  [["id", 2]]
  [1m[35mUser Load (0.6ms)[0m  SELECT  "users".* FROM "users" LIMIT 1
  [1m[36m (0.1ms)[0m  [1mBEGIN[0m
  [1m[35mSQL (0.3ms)[0m  INSERT INTO "rentals" ("name", "staff", "email", "phone", "item", "daterental", "user_id", "created_at", "updated_at") VALUES ($1, $2, $3, $4, $5, $6, $7, $8, $9) RETURNING "id"  [["name", "brenda jones"], ["staff", "Student"], ["email", "brenda@gmail.com"], ["phone", "555-555-5554"], ["item", "IPhone 5/6 Charger"], ["daterental", "2015-08-17 00:00:00.000000"], ["user_id", 1], ["created_at", "2015-08-12 20:06:17.817811"], ["updated_at", "2015-08-12 20:06:17.817811"]]
  [1m[36m (2.3ms)[0m  [1mCOMMIT[0m
  [1m[35m (0.1ms)[0m  BEGIN
  [1m[36mSQL (0.4ms)[0m  [1mUPDATE "rentals" SET "user_id" = $1, "updated_at" = $2 WHERE "rentals"."id" = $3[0m  [["user_id", 2], ["updated_at", "2015-08-12 20:06:17.822623"], ["id", 2]]
  [1m[35m (2.1ms)[0m  COMMIT
Redirected to http://localhost:3000/rentals/confirmation
Completed 302 Found in 16ms (ActiveRecord: 6.8ms)


Started GET "/rentals/confirmation" for ::1 at 2015-08-12 16:06:17 -0400
Processing by RentalsController#confirmation as HTML
  [1m[36mUser Load (0.3ms)[0m  [1mSELECT  "users".* FROM "users" WHERE "users"."id" = $1  ORDER BY "users"."id" ASC LIMIT 1[0m  [["id", 2]]
  Rendered rentals/confirmation.html.erb within layouts/application (0.2ms)
Completed 200 OK in 32ms (Views: 29.8ms | ActiveRecord: 0.3ms)


Started GET "/rentals/all" for ::1 at 2015-08-12 16:06:19 -0400
Processing by RentalsController#all as HTML
  [1m[35mUser Load (0.2ms)[0m  SELECT  "users".* FROM "users" WHERE "users"."id" = $1  ORDER BY "users"."id" ASC LIMIT 1  [["id", 2]]
  [1m[36mUser Load (0.4ms)[0m  [1mSELECT  "users".* FROM "users" LIMIT 1[0m
  [1m[35mRental Load (0.4ms)[0m  SELECT "rentals".* FROM "rentals"  ORDER BY created_at DESC
  Rendered rentals/all.html.erb within layouts/application (1.7ms)
Completed 200 OK in 30ms (Views: 27.2ms | ActiveRecord: 1.1ms)


Started GET "/users/1/rentals/1" for ::1 at 2015-08-12 16:06:21 -0400
Processing by RentalsController#show as HTML
  Parameters: {"user_id"=>"1", "id"=>"1"}
  [1m[36mUser Load (0.2ms)[0m  [1mSELECT  "users".* FROM "users" WHERE "users"."id" = $1  ORDER BY "users"."id" ASC LIMIT 1[0m  [["id", 2]]
DEPRECATION WARNING: You are passing an instance of ActiveRecord::Base to `find`. Please pass the id of the object by calling `.id`. (called from show at /Users/pdavies/wdi/projects/WDIUX/app/controllers/rentals_controller.rb:21)
  [1m[35mUser Load (0.2ms)[0m  SELECT  "users".* FROM "users" WHERE "users"."id" = $1 LIMIT 1  [["id", 2]]
  [1m[36mRental Load (0.3ms)[0m  [1mSELECT  "rentals".* FROM "rentals" WHERE "rentals"."id" = $1 LIMIT 1[0m  [["id", 1]]
  Rendered rentals/show.html.erb within layouts/application (0.3ms)
Completed 200 OK in 26ms (Views: 21.9ms | ActiveRecord: 0.8ms)


Started GET "/users/1/rentals/2" for ::1 at 2015-08-12 16:06:23 -0400
Processing by RentalsController#show as HTML
  Parameters: {"user_id"=>"1", "id"=>"2"}
  [1m[35mUser Load (0.3ms)[0m  SELECT  "users".* FROM "users" WHERE "users"."id" = $1  ORDER BY "users"."id" ASC LIMIT 1  [["id", 2]]
DEPRECATION WARNING: You are passing an instance of ActiveRecord::Base to `find`. Please pass the id of the object by calling `.id`. (called from show at /Users/pdavies/wdi/projects/WDIUX/app/controllers/rentals_controller.rb:21)
  [1m[36mUser Load (0.2ms)[0m  [1mSELECT  "users".* FROM "users" WHERE "users"."id" = $1 LIMIT 1[0m  [["id", 2]]
  [1m[35mRental Load (0.3ms)[0m  SELECT  "rentals".* FROM "rentals" WHERE "rentals"."id" = $1 LIMIT 1  [["id", 2]]
  Rendered rentals/show.html.erb within layouts/application (0.4ms)
Completed 200 OK in 35ms (Views: 31.7ms | ActiveRecord: 0.8ms)


Started GET "/" for ::1 at 2015-08-12 16:06:27 -0400
Processing by RentalsController#index as HTML
  [1m[36mUser Load (0.3ms)[0m  [1mSELECT  "users".* FROM "users" WHERE "users"."id" = $1  ORDER BY "users"."id" ASC LIMIT 1[0m  [["id", 2]]
DEPRECATION WARNING: You are passing an instance of ActiveRecord::Base to `find`. Please pass the id of the object by calling `.id`. (called from index at /Users/pdavies/wdi/projects/WDIUX/app/controllers/rentals_controller.rb:5)
  [1m[35mUser Load (0.3ms)[0m  SELECT  "users".* FROM "users" WHERE "users"."id" = $1 LIMIT 1  [["id", 2]]
  Rendered rentals/index.html.erb within layouts/application (0.4ms)
Completed 200 OK in 28ms (Views: 24.3ms | ActiveRecord: 0.6ms)


Started GET "/" for ::1 at 2015-08-12 16:06:30 -0400
Processing by RentalsController#index as HTML
  [1m[36mUser Load (0.2ms)[0m  [1mSELECT  "users".* FROM "users" WHERE "users"."id" = $1  ORDER BY "users"."id" ASC LIMIT 1[0m  [["id", 2]]
DEPRECATION WARNING: You are passing an instance of ActiveRecord::Base to `find`. Please pass the id of the object by calling `.id`. (called from index at /Users/pdavies/wdi/projects/WDIUX/app/controllers/rentals_controller.rb:5)
  [1m[35mUser Load (0.2ms)[0m  SELECT  "users".* FROM "users" WHERE "users"."id" = $1 LIMIT 1  [["id", 2]]
  Rendered rentals/index.html.erb within layouts/application (0.3ms)
Completed 200 OK in 26ms (Views: 23.0ms | ActiveRecord: 0.5ms)


Started DELETE "/users/sign_out" for ::1 at 2015-08-12 16:06:32 -0400
Processing by Devise::SessionsController#destroy as HTML
  Parameters: {"authenticity_token"=>"yUzGUlLDpWc0yb6ZZTkv5/1/1dlXT9XkfpYlaJDmCDvtiQ+lS0jf5gFL87fHKw5Is1G2tNS6jgIKsRknB4eImQ=="}
  [1m[36mUser Load (0.2ms)[0m  [1mSELECT  "users".* FROM "users" WHERE "users"."id" = $1  ORDER BY "users"."id" ASC LIMIT 1[0m  [["id", 2]]
  [1m[35m (0.1ms)[0m  BEGIN
  [1m[36m (0.1ms)[0m  [1mCOMMIT[0m
Redirected to http://localhost:3000/
Completed 302 Found in 5ms (ActiveRecord: 0.5ms)


Started GET "/" for ::1 at 2015-08-12 16:06:32 -0400
Processing by RentalsController#index as HTML
Completed 401 Unauthorized in 1ms (ActiveRecord: 0.0ms)


Started GET "/users/sign_in" for ::1 at 2015-08-12 16:06:32 -0400
Processing by Devise::SessionsController#new as HTML
  Rendered devise/shared/_links.html.erb (0.3ms)
  Rendered devise/sessions/new.html.erb within layouts/application (2.8ms)
Completed 200 OK in 27ms (Views: 26.1ms | ActiveRecord: 0.0ms)


Started POST "/users/sign_in" for ::1 at 2015-08-12 16:06:38 -0400
Processing by Devise::SessionsController#create as HTML
  Parameters: {"utf8"=>"✓", "authenticity_token"=>"Qc/qyS8ycG/60DnHt2Sl3Q2vhnWEs+ycQiX18jQbt1dUvlgx9J1TZ38+6HLCeIqeXggfJGA2+dzAznARvSSF8g==", "user"=>{"email"=>"user@gmail.com", "password"=>"[FILTERED]", "remember_me"=>"0"}, "commit"=>"Log in"}
  [1m[35mUser Load (0.8ms)[0m  SELECT  "users".* FROM "users" WHERE "users"."email" = $1  ORDER BY "users"."id" ASC LIMIT 1  [["email", "user@gmail.com"]]
  [1m[36m (0.2ms)[0m  [1mBEGIN[0m
  [1m[35mSQL (0.4ms)[0m  UPDATE "users" SET "current_sign_in_at" = $1, "sign_in_count" = $2, "updated_at" = $3 WHERE "users"."id" = $4  [["current_sign_in_at", "2015-08-12 20:06:38.951433"], ["sign_in_count", 2], ["updated_at", "2015-08-12 20:06:38.953308"], ["id", 1]]
  [1m[36m (2.3ms)[0m  [1mCOMMIT[0m
Redirected to http://localhost:3000/
Completed 302 Found in 118ms (ActiveRecord: 3.6ms)


Started GET "/" for ::1 at 2015-08-12 16:06:38 -0400
Processing by RentalsController#index as HTML
  [1m[35mUser Load (0.2ms)[0m  SELECT  "users".* FROM "users" WHERE "users"."id" = $1  ORDER BY "users"."id" ASC LIMIT 1  [["id", 1]]
DEPRECATION WARNING: You are passing an instance of ActiveRecord::Base to `find`. Please pass the id of the object by calling `.id`. (called from index at /Users/pdavies/wdi/projects/WDIUX/app/controllers/rentals_controller.rb:5)
  [1m[36mUser Load (0.3ms)[0m  [1mSELECT  "users".* FROM "users" WHERE "users"."id" = $1 LIMIT 1[0m  [["id", 1]]
  Rendered rentals/index.html.erb within layouts/application (0.5ms)
Completed 200 OK in 23ms (Views: 20.5ms | ActiveRecord: 0.5ms)


Started GET "/rentals/all" for ::1 at 2015-08-12 16:06:41 -0400
Processing by RentalsController#all as HTML
  [1m[35mUser Load (0.3ms)[0m  SELECT  "users".* FROM "users" WHERE "users"."id" = $1  ORDER BY "users"."id" ASC LIMIT 1  [["id", 1]]
  [1m[36mUser Load (0.4ms)[0m  [1mSELECT  "users".* FROM "users" LIMIT 1[0m
  [1m[35mRental Load (0.5ms)[0m  SELECT "rentals".* FROM "rentals"  ORDER BY created_at DESC
  Rendered rentals/all.html.erb within layouts/application (2.5ms)
Completed 200 OK in 31ms (Views: 27.8ms | ActiveRecord: 1.2ms)


Started GET "/users/3/rentals/1" for ::1 at 2015-08-12 16:06:42 -0400
Processing by RentalsController#show as HTML
  Parameters: {"user_id"=>"3", "id"=>"1"}
  [1m[36mUser Load (0.3ms)[0m  [1mSELECT  "users".* FROM "users" WHERE "users"."id" = $1  ORDER BY "users"."id" ASC LIMIT 1[0m  [["id", 1]]
DEPRECATION WARNING: You are passing an instance of ActiveRecord::Base to `find`. Please pass the id of the object by calling `.id`. (called from show at /Users/pdavies/wdi/projects/WDIUX/app/controllers/rentals_controller.rb:21)
  [1m[35mUser Load (0.2ms)[0m  SELECT  "users".* FROM "users" WHERE "users"."id" = $1 LIMIT 1  [["id", 1]]
  [1m[36mRental Load (0.3ms)[0m  [1mSELECT  "rentals".* FROM "rentals" WHERE "rentals"."id" = $1 LIMIT 1[0m  [["id", 1]]
  Rendered rentals/show.html.erb within layouts/application (0.5ms)
Completed 200 OK in 31ms (Views: 27.4ms | ActiveRecord: 0.8ms)


Started GET "/users/3/rentals/2" for ::1 at 2015-08-12 16:06:45 -0400
Processing by RentalsController#show as HTML
  Parameters: {"user_id"=>"3", "id"=>"2"}
  [1m[35mUser Load (0.3ms)[0m  SELECT  "users".* FROM "users" WHERE "users"."id" = $1  ORDER BY "users"."id" ASC LIMIT 1  [["id", 1]]
DEPRECATION WARNING: You are passing an instance of ActiveRecord::Base to `find`. Please pass the id of the object by calling `.id`. (called from show at /Users/pdavies/wdi/projects/WDIUX/app/controllers/rentals_controller.rb:21)
  [1m[36mUser Load (0.3ms)[0m  [1mSELECT  "users".* FROM "users" WHERE "users"."id" = $1 LIMIT 1[0m  [["id", 1]]
  [1m[35mRental Load (0.4ms)[0m  SELECT  "rentals".* FROM "rentals" WHERE "rentals"."id" = $1 LIMIT 1  [["id", 2]]
  Rendered rentals/show.html.erb within layouts/application (0.4ms)
Completed 200 OK in 28ms (Views: 23.0ms | ActiveRecord: 1.0ms)


Started GET "/users/1/rentals/2/edit" for ::1 at 2015-08-12 16:06:46 -0400
Processing by RentalsController#edit as HTML
  Parameters: {"user_id"=>"1", "id"=>"2"}
  [1m[36mUser Load (0.2ms)[0m  [1mSELECT  "users".* FROM "users" WHERE "users"."id" = $1  ORDER BY "users"."id" ASC LIMIT 1[0m  [["id", 1]]
  [1m[35mUser Load (0.4ms)[0m  SELECT  "users".* FROM "users" LIMIT 1
  [1m[36mRental Load (0.2ms)[0m  [1mSELECT  "rentals".* FROM "rentals" WHERE "rentals"."id" = $1 LIMIT 1[0m  [["id", 2]]
  Rendered rentals/_form.html.erb (3.6ms)
  Rendered rentals/edit.html.erb within layouts/application (5.9ms)
Completed 200 OK in 34ms (Views: 30.8ms | ActiveRecord: 0.9ms)


Started GET "/users/3/rentals/1" for ::1 at 2015-08-12 16:06:49 -0400
Processing by RentalsController#show as HTML
  Parameters: {"user_id"=>"3", "id"=>"1"}
  [1m[35mUser Load (0.3ms)[0m  SELECT  "users".* FROM "users" WHERE "users"."id" = $1  ORDER BY "users"."id" ASC LIMIT 1  [["id", 1]]
DEPRECATION WARNING: You are passing an instance of ActiveRecord::Base to `find`. Please pass the id of the object by calling `.id`. (called from show at /Users/pdavies/wdi/projects/WDIUX/app/controllers/rentals_controller.rb:21)
  [1m[36mUser Load (0.2ms)[0m  [1mSELECT  "users".* FROM "users" WHERE "users"."id" = $1 LIMIT 1[0m  [["id", 1]]
  [1m[35mRental Load (0.2ms)[0m  SELECT  "rentals".* FROM "rentals" WHERE "rentals"."id" = $1 LIMIT 1  [["id", 1]]
  Rendered rentals/show.html.erb within layouts/application (0.4ms)
Completed 200 OK in 31ms (Views: 28.1ms | ActiveRecord: 0.7ms)


Started GET "/users/1/rentals/1/edit" for ::1 at 2015-08-12 16:06:51 -0400
Processing by RentalsController#edit as HTML
  Parameters: {"user_id"=>"1", "id"=>"1"}
  [1m[36mUser Load (0.2ms)[0m  [1mSELECT  "users".* FROM "users" WHERE "users"."id" = $1  ORDER BY "users"."id" ASC LIMIT 1[0m  [["id", 1]]
  [1m[35mUser Load (0.4ms)[0m  SELECT  "users".* FROM "users" LIMIT 1
  [1m[36mRental Load (0.2ms)[0m  [1mSELECT  "rentals".* FROM "rentals" WHERE "rentals"."id" = $1 LIMIT 1[0m  [["id", 1]]
  Rendered rentals/_form.html.erb (3.3ms)
  Rendered rentals/edit.html.erb within layouts/application (5.2ms)
Completed 200 OK in 33ms (Views: 29.2ms | ActiveRecord: 0.8ms)
  [1m[36mUser Load (0.9ms)[0m  [1mSELECT "users".* FROM "users"[0m
